[    0.000000] Linux version 4.15.0-47-generic (buildd@lgw01-amd64-001) (gcc version 7.3.0 (Ubuntu 7.3.0-16ubuntu3)) #50-Ubuntu SMP Wed Mar 13 10:44:52 UTC 2019 (Ubuntu 4.15.0-47.50-generic 4.15.18)
[    0.000000] Command line: BOOT_IMAGE=/boot/vmlinuz-4.15.0-47-generic root=LABEL=cloudimg-rootfs ro console=tty1 console=ttyS0
[    0.000000] KERNEL supported cpus:
[    0.000000]   Intel GenuineIntel
[    0.000000]   AMD AuthenticAMD
[    0.000000]   Centaur CentaurHauls
[    0.000000] x86/fpu: Supporting XSAVE feature 0x001: 'x87 floating point registers'
[    0.000000] x86/fpu: Supporting XSAVE feature 0x002: 'SSE registers'
[    0.000000] x86/fpu: Supporting XSAVE feature 0x004: 'AVX registers'
[    0.000000] x86/fpu: xstate_offset[2]:  576, xstate_sizes[2]:  256
[    0.000000] x86/fpu: Enabled xstate features 0x7, context size is 832 bytes, using 'standard' format.
[    0.000000] e820: BIOS-provided physical RAM map:
[    0.000000] BIOS-e820: [mem 0x0000000000000000-0x000000000009fbff] usable
[    0.000000] BIOS-e820: [mem 0x000000000009fc00-0x000000000009ffff] reserved
[    0.000000] BIOS-e820: [mem 0x00000000000f0000-0x00000000000fffff] reserved
[    0.000000] BIOS-e820: [mem 0x0000000000100000-0x000000003ffeffff] usable
[    0.000000] BIOS-e820: [mem 0x000000003fff0000-0x000000003fffffff] ACPI data
[    0.000000] BIOS-e820: [mem 0x00000000fec00000-0x00000000fec00fff] reserved
[    0.000000] BIOS-e820: [mem 0x00000000fee00000-0x00000000fee00fff] reserved
[    0.000000] BIOS-e820: [mem 0x00000000fffc0000-0x00000000ffffffff] reserved
[    0.000000] NX (Execute Disable) protection: active
[    0.000000] SMBIOS 2.5 present.
[    0.000000] DMI: innotek GmbH VirtualBox/VirtualBox, BIOS VirtualBox 12/01/2006
[    0.000000] Hypervisor detected: KVM
[    0.000000] e820: last_pfn = 0x3fff0 max_arch_pfn = 0x400000000
[    0.000000] MTRR: Disabled
[    0.000000] x86/PAT: MTRRs disabled, skipping PAT initialization too.
[    0.000000] CPU MTRRs all blank - virtualized system.
[    0.000000] x86/PAT: Configuration [0-7]: WB  WT  UC- UC  WB  WT  UC- UC  
[    0.000000] found SMP MP-table at [mem 0x0009fff0-0x0009ffff] mapped at [        (ptrval)]
[    0.000000] Scanning 1 areas for low memory corruption
[    0.000000] RAMDISK: [mem 0x35adf000-0x36d66fff]
[    0.000000] ACPI: Early table checksum verification disabled
[    0.000000] ACPI: RSDP 0x00000000000E0000 000024 (v02 VBOX  )
[    0.000000] ACPI: XSDT 0x000000003FFF0030 00003C (v01 VBOX   VBOXXSDT 00000001 ASL  00000061)
[    0.000000] ACPI: FACP 0x000000003FFF00F0 0000F4 (v04 VBOX   VBOXFACP 00000001 ASL  00000061)
[    0.000000] ACPI: DSDT 0x000000003FFF0470 0021FF (v02 VBOX   VBOXBIOS 00000002 INTL 20180105)
[    0.000000] ACPI: FACS 0x000000003FFF0200 000040
[    0.000000] ACPI: FACS 0x000000003FFF0200 000040
[    0.000000] ACPI: APIC 0x000000003FFF0240 00005C (v02 VBOX   VBOXAPIC 00000001 ASL  00000061)
[    0.000000] ACPI: SSDT 0x000000003FFF02A0 0001CC (v01 VBOX   VBOXCPUT 00000002 INTL 20180105)
[    0.000000] No NUMA configuration found
[    0.000000] Faking a node at [mem 0x0000000000000000-0x000000003ffeffff]
[    0.000000] NODE_DATA(0) allocated [mem 0x3ffc5000-0x3ffeffff]
[    0.000000] kvm-clock: cpu 0, msr 0:3ff44001, primary cpu clock
[    0.000000] kvm-clock: Using msrs 4b564d01 and 4b564d00
[    0.000000] kvm-clock: using sched offset of 3396472268 cycles
[    0.000000] clocksource: kvm-clock: mask: 0xffffffffffffffff max_cycles: 0x1cd42e4dffb, max_idle_ns: 881590591483 ns
[    0.000000] Zone ranges:
[    0.000000]   DMA      [mem 0x0000000000001000-0x0000000000ffffff]
[    0.000000]   DMA32    [mem 0x0000000001000000-0x000000003ffeffff]
[    0.000000]   Normal   empty
[    0.000000]   Device   empty
[    0.000000] Movable zone start for each node
[    0.000000] Early memory node ranges
[    0.000000]   node   0: [mem 0x0000000000001000-0x000000000009efff]
[    0.000000]   node   0: [mem 0x0000000000100000-0x000000003ffeffff]
[    0.000000] Reserved but unavailable: 114 pages
[    0.000000] Initmem setup node 0 [mem 0x0000000000001000-0x000000003ffeffff]
[    0.000000] ACPI: PM-Timer IO Port: 0x4008
[    0.000000] IOAPIC[0]: apic_id 2, version 32, address 0xfec00000, GSI 0-23
[    0.000000] ACPI: INT_SRC_OVR (bus 0 bus_irq 0 global_irq 2 dfl dfl)
[    0.000000] ACPI: INT_SRC_OVR (bus 0 bus_irq 9 global_irq 9 low level)
[    0.000000] Using ACPI (MADT) for SMP configuration information
[    0.000000] smpboot: Allowing 2 CPUs, 0 hotplug CPUs
[    0.000000] PM: Registered nosave memory: [mem 0x00000000-0x00000fff]
[    0.000000] PM: Registered nosave memory: [mem 0x0009f000-0x0009ffff]
[    0.000000] PM: Registered nosave memory: [mem 0x000a0000-0x000effff]
[    0.000000] PM: Registered nosave memory: [mem 0x000f0000-0x000fffff]
[    0.000000] e820: [mem 0x40000000-0xfebfffff] available for PCI devices
[    0.000000] Booting paravirtualized kernel on KVM
[    0.000000] clocksource: refined-jiffies: mask: 0xffffffff max_cycles: 0xffffffff, max_idle_ns: 7645519600211568 ns
[    0.000000] random: get_random_bytes called from start_kernel+0x99/0x4fd with crng_init=0
[    0.000000] setup_percpu: NR_CPUS:8192 nr_cpumask_bits:2 nr_cpu_ids:2 nr_node_ids:1
[    0.000000] percpu: Embedded 46 pages/cpu @        (ptrval) s151552 r8192 d28672 u1048576
[    0.000000] PV qspinlock hash table entries: 256 (order: 0, 4096 bytes)
[    0.000000] Built 1 zonelists, mobility grouping on.  Total pages: 257913
[    0.000000] Policy zone: DMA32
[    0.000000] Kernel command line: BOOT_IMAGE=/boot/vmlinuz-4.15.0-47-generic root=LABEL=cloudimg-rootfs ro console=tty1 console=ttyS0
[    0.000000] Memory: 983608K/1048120K available (12300K kernel code, 2473K rwdata, 4252K rodata, 2408K init, 2416K bss, 64512K reserved, 0K cma-reserved)
[    0.000000] SLUB: HWalign=64, Order=0-3, MinObjects=0, CPUs=2, Nodes=1
[    0.000000] Kernel/User page tables isolation: enabled
[    0.000000] ftrace: allocating 39206 entries in 154 pages
[    0.004000] Hierarchical RCU implementation.
[    0.004000] 	RCU restricting CPUs from NR_CPUS=8192 to nr_cpu_ids=2.
[    0.004000] 	Tasks RCU enabled.
[    0.004000] RCU: Adjusting geometry for rcu_fanout_leaf=16, nr_cpu_ids=2
[    0.004000] NR_IRQS: 524544, nr_irqs: 440, preallocated irqs: 16
[    0.004000] Console: colour VGA+ 80x25
[    0.004000] console [tty1] enabled
[    0.004000] console [ttyS0] enabled
[    0.004000] ACPI: Core revision 20170831
[    0.004000] ACPI: 2 ACPI AML tables successfully acquired and loaded
[    0.004000] APIC: Switch to symmetric I/O mode setup
[    0.004000] x2apic enabled
[    0.004000] Switched APIC routing to physical x2apic.
[    0.004000] ..TIMER: vector=0x30 apic1=0 pin1=2 apic2=-1 pin2=-1
[    0.004004] tsc: Detected 2399.998 MHz processor
[    0.004823] Calibrating delay loop (skipped) preset value.. 4799.99 BogoMIPS (lpj=9599992)
[    0.005444] pid_max: default: 32768 minimum: 301
[    0.006291] Security Framework initialized
[    0.008002] Yama: becoming mindful.
[    0.008677] AppArmor: AppArmor initialized
[    0.010083] Dentry cache hash table entries: 131072 (order: 8, 1048576 bytes)
[    0.012020] Inode-cache hash table entries: 65536 (order: 7, 524288 bytes)
[    0.013235] Mount-cache hash table entries: 2048 (order: 2, 16384 bytes)
[    0.014385] Mountpoint-cache hash table entries: 2048 (order: 2, 16384 bytes)
[    0.015854] mce: CPU supports 0 MCE banks
[    0.016017] Last level iTLB entries: 4KB 64, 2MB 8, 4MB 8
[    0.016959] Last level dTLB entries: 4KB 64, 2MB 0, 4MB 0, 1GB 4
[    0.017992] Spectre V2 : Mitigation: Full generic retpoline
[    0.018926] Spectre V2 : Spectre v2 / SpectreRSB mitigation: Filling RSB on context switch
[    0.020001] Speculative Store Bypass: Vulnerable
[    0.020891] Freeing SMP alternatives memory: 36K
[    0.024000] smpboot: CPU0: Intel(R) Core(TM) i5-6200U CPU @ 2.30GHz (family: 0x6, model: 0x4e, stepping: 0x3)
[    0.024000] Performance Events: unsupported p6 CPU model 78 no PMU driver, software events only.
[    0.024000] Hierarchical SRCU implementation.
[    0.024678] NMI watchdog: Perf event create on CPU 0 failed with -2
[    0.025739] NMI watchdog: Perf NMI watchdog permanently disabled
[    0.026783] smp: Bringing up secondary CPUs ...
[    0.027648] x86: Booting SMP configuration:
[    0.028003] .... node  #0, CPUs:      #1
[    0.004000] kvm-clock: cpu 1, msr 0:3ff44041, secondary cpu clock
[    0.004000] mce: CPU supports 0 MCE banks
[    0.032022] smp: Brought up 1 node, 2 CPUs
[    0.032800] smpboot: Max logical packages: 1
[    0.033544] smpboot: Total of 2 processors activated (9599.99 BogoMIPS)
[    0.036007] devtmpfs: initialized
[    0.036684] x86/mm: Memory block size: 128MB
[    0.037659] evm: security.selinux
[    0.038266] evm: security.SMACK64
[    0.038868] evm: security.SMACK64EXEC
[    0.039523] evm: security.SMACK64TRANSMUTE
[    0.040002] evm: security.SMACK64MMAP
[    0.040756] evm: security.apparmor
[    0.041426] evm: security.ima
[    0.041977] evm: security.capability
[    0.042650] clocksource: jiffies: mask: 0xffffffff max_cycles: 0xffffffff, max_idle_ns: 7645041785100000 ns
[    0.044008] futex hash table entries: 512 (order: 3, 32768 bytes)
[    0.045161] pinctrl core: initialized pinctrl subsystem
[    0.046633] RTC time: 21:30:01, date: 04/03/19
[    0.048235] NET: Registered protocol family 16
[    0.049189] audit: initializing netlink subsys (disabled)
[    0.050170] audit: type=2000 audit(1554327006.719:1): state=initialized audit_enabled=0 res=1
[    0.050170] cpuidle: using governor ladder
[    0.052007] cpuidle: using governor menu
[    0.052812] ACPI: bus type PCI registered
[    0.053547] acpiphp: ACPI Hot Plug PCI Controller Driver version: 0.5
[    0.054778] PCI: Using configuration type 1 for base access
[    0.057110] HugeTLB registered 2.00 MiB page size, pre-allocated 0 pages
[    0.057255] ACPI: Added _OSI(Module Device)
[    0.060008] ACPI: Added _OSI(Processor Device)
[    0.060718] ACPI: Added _OSI(3.0 _SCP Extensions)
[    0.061439] ACPI: Added _OSI(Processor Aggregator Device)
[    0.062241] ACPI: Added _OSI(Linux-Dell-Video)
[    0.062920] ACPI: Added _OSI(Linux-Lenovo-NV-HDMI-Audio)
[    0.063711] ACPI: Added _OSI(Linux-HPI-Hybrid-Graphics)
[    0.064266] ACPI: Executed 1 blocks of module-level executable AML code
[    0.069478] ACPI: Interpreter enabled
[    0.070077] ACPI: (supports S0 S5)
[    0.070631] ACPI: Using IOAPIC for interrupt routing
[    0.071616] PCI: Using host bridge windows from ACPI; if necessary, use "pci=nocrs" and report a bug
[    0.072152] ACPI: Enabled 2 GPEs in block 00 to 07
[    0.079494] ACPI: PCI Root Bridge [PCI0] (domain 0000 [bus 00-ff])
[    0.080007] acpi PNP0A03:00: _OSC: OS supports [ASPM ClockPM Segments MSI]
[    0.081044] acpi PNP0A03:00: _OSC: not requesting OS control; OS requires [ExtendedConfig ASPM ClockPM MSI]
[    0.082467] acpi PNP0A03:00: fail to add MMCONFIG information, can't access extended PCI configuration space under this bridge.
[    0.084312] PCI host bridge to bus 0000:00
[    0.084956] pci_bus 0000:00: root bus resource [io  0x0000-0x0cf7 window]
[    0.085936] pci_bus 0000:00: root bus resource [io  0x0d00-0xffff window]
[    0.086916] pci_bus 0000:00: root bus resource [mem 0x000a0000-0x000bffff window]
[    0.088003] pci_bus 0000:00: root bus resource [mem 0x40000000-0xfdffffff window]
[    0.089131] pci_bus 0000:00: root bus resource [bus 00-ff]
[    0.092182] pci 0000:00:01.1: legacy IDE quirk: reg 0x10: [io  0x01f0-0x01f7]
[    0.093217] pci 0000:00:01.1: legacy IDE quirk: reg 0x14: [io  0x03f6]
[    0.094162] pci 0000:00:01.1: legacy IDE quirk: reg 0x18: [io  0x0170-0x0177]
[    0.095186] pci 0000:00:01.1: legacy IDE quirk: reg 0x1c: [io  0x0376]
[    0.118957] pci 0000:00:07.0: quirk: [io  0x4000-0x403f] claimed by PIIX4 ACPI
[    0.120039] pci 0000:00:07.0: quirk: [io  0x4100-0x410f] claimed by PIIX4 SMB
[    0.140161] ACPI: PCI Interrupt Link [LNKA] (IRQs 5 9 10 *11)
[    0.141547] ACPI: PCI Interrupt Link [LNKB] (IRQs 5 9 *10 11)
[    0.144124] ACPI: PCI Interrupt Link [LNKC] (IRQs 5 *9 10 11)
[    0.145088] ACPI: PCI Interrupt Link [LNKD] (IRQs 5 9 10 *11)
[    0.148422] SCSI subsystem initialized
[    0.149079] pci 0000:00:02.0: vgaarb: setting as boot VGA device
[    0.149079] pci 0000:00:02.0: vgaarb: VGA device added: decodes=io+mem,owns=io+mem,locks=none
[    0.152011] pci 0000:00:02.0: vgaarb: bridge control possible
[    0.152876] vgaarb: loaded
[    0.153381] ACPI: bus type USB registered
[    0.154026] usbcore: registered new interface driver usbfs
[    0.154850] usbcore: registered new interface driver hub
[    0.155659] usbcore: registered new device driver usb
[    0.156056] EDAC MC: Ver: 3.0.0
[    0.156754] PCI: Using ACPI for IRQ routing
[    0.156949] NetLabel: Initializing
[    0.157503] NetLabel:  domain hash size = 128
[    0.158172] NetLabel:  protocols = UNLABELED CIPSOv4 CALIPSO
[    0.160023] NetLabel:  unlabeled traffic allowed by default
[    0.160892] clocksource: Switched to clocksource kvm-clock
[    0.177996] VFS: Disk quotas dquot_6.6.0
[    0.184172] VFS: Dquot-cache hash table entries: 512 (order 0, 4096 bytes)
[    0.19738] AppArmor: AppArmor Filesystem Enabled
[    0.224824] pnp: PnP ACPI init
[    0.226321] pnp: PnP ACPI: found 3 devices
[    0.235687] clocksource: acpi_pm: mask: 0xffffff max_cycles: 0xffffff, max_idle_ns: 2085701024 ns
[    0.237295] NET: Registered protocol family 2
[    0.238884] TCP established hash table entries: 8192 (order: 4, 65536 bytes)
[    0.240208] TCP bind hash table entries: 8192 (order: 5, 131072 bytes)
[    0.241286] TCP: Hash tables configured (established 8192 bind 8192)
[    0.242350] UDP hash table entries: 512 (order: 2, 16384 bytes)
[    0.243370] UDP-Lite hash table entries: 512 (order: 2, 16384 bytes)
[    0.244482] NET: Registered protocol family 1
[    0.245257] pci 0000:00:00.0: Limiting direct PCI/PCI transfers
[    0.246271] pci 0000:00:01.0: Activating ISA DMA hang workarounds
[    0.247424] pci 0000:00:02.0: Video device with shadowed ROM at [mem 0x000c0000-0x000dffff]
[    0.248982] Unpacking initramfs...
[    0.531738] Freeing initrd memory: 18976K
[    0.532776] platform rtc_cmos: registered platform RTC device (no PNP device found)
[    0.534083] Scanning for low memory corruption every 60 seconds
[    0.535851] Initialise system trusted keyrings
[    0.536711] Key type blacklist registered
[    0.542915] workingset: timestamp_bits=36 max_order=18 bucket_order=0
[    0.545050] zbud: loaded
[    0.546167] squashfs: version 4.0 (2009/01/31) Phillip Lougher
[    0.547400] fuse init (API version 7.26)
[    0.550615] Key type asymmetric registered
[    0.551383] Asymmetric key parser 'x509' registered
[    0.552284] Block layer SCSI generic (bsg) driver version 0.4 loaded (major 246)
[    0.553667] io scheduler noop registered
[    0.554363] io scheduler deadline registered
[    0.555117] io scheduler cfq registered (default)
[    0.561637] ACPI: AC Adapter [AC] (off-line)
[    0.562445] input: Power Button as /devices/LNXSYSTM:00/LNXPWRBN:00/input/input0
[    0.563863] ACPI: Power Button [PWRF]
[    0.564708] input: Sleep Button as /devices/LNXSYSTM:00/LNXSLPBN:00/input/input1
[    0.566016] ACPI: Sleep Button [SLPF]
[    0.567681] ACPI: Battery Slot [BAT0] (battery present)
[    0.568211] Serial: 8250/16550 driver, 32 ports, IRQ sharing enabled
[    0.590508] 00:02: ttyS0 at I/O 0x3f8 (irq = 4, base_baud = 115200) is a 16550A
[    0.592676] Linux agpgart interface v0.103
[    0.594812] loop: module loaded
[    0.595899] scsi host0: ata_piix
[    0.596624] scsi host1: ata_piix
[    0.597204] ata1: PATA max UDMA/33 cmd 0x1f0 ctl 0x3f6 bmdma 0xd000 irq 14
[    0.598235] ata2: PATA max UDMA/33 cmd 0x170 ctl 0x376 bmdma 0xd008 irq 15
[    0.599357] libphy: Fixed MDIO Bus: probed
[    0.600067] tun: Universal TUN/TAP device driver, 1.6
[    0.600914] PPP generic driver version 2.4.2
[    0.601635] ehci_hcd: USB 2.0 'Enhanced' Host Controller (EHCI) Driver
[    0.602622] ehci-pci: EHCI PCI platform driver
[    0.603346] ehci-platform: EHCI generic platform driver
[    0.604163] ohci_hcd: USB 1.1 'Open' Host Controller (OHCI) Driver
[    0.605142] ohci-pci: OHCI PCI platform driver
[    0.605858] ohci-platform: OHCI generic platform driver
[    0.606672] uhci_hcd: USB Universal Host Controller Interface driver
[    0.608025] i8042: PNP: PS/2 Controller [PNP0303:PS2K,PNP0f03:PS2M] at 0x60,0x64 irq 1,12
[    0.610382] serio: i8042 KBD port at 0x60,0x64 irq 1
[    0.611465] serio: i8042 AUX port at 0x60,0x64 irq 12
[    0.627997] mousedev: PS/2 mouse device common for all mice
[    0.629556] input: AT Translated Set 2 keyboard as /devices/platform/i8042/serio0/input/input2
[    0.631843] rtc_cmos rtc_cmos: rtc core: registered rtc_cmos as rtc0
[    0.633281] rtc_cmos rtc_cmos: alarms up to one day, 114 bytes nvram
[    0.634604] i2c /dev entries driver
[    0.635396] pcie_mp2_amd: AMD(R) PCI-E MP2 Communication Driver Version: 1.0
[    0.637000] device-mapper: uevent: version 1.0.3
[    0.677418] device-mapper: ioctl: 4.37.0-ioctl (2017-09-20) initialised: dm-devel@redhat.com
[    0.768328] ledtrig-cpu: registered to indicate activity on CPUs
[    0.769695] NET: Registered protocol family 10
[    0.773827] Segment Routing with IPv6
[    0.774479] NET: Registered protocol family 17
[    0.775262] Key type dns_resolver registered
[    0.776138] RAS: Correctable Errors collector initialized.
[    0.777029] sched_clock: Marking stable (776057424, 0)->(1145801618, -369744194)
[    0.778507] registered taskstats version 1
[    0.779183] Loading compiled-in X.509 certificates
[    0.782079] Loaded X.509 cert 'Build time autogenerated kernel key: 7211859d1298c08a101905a3cb814e8c7b4bf4a4'
[    0.783615] zswap: loaded using pool lzo/zbud
[    0.787464] Key type big_key registered
[    0.788126] Key type trusted registered
[    0.790280] Key type encrypted registered
[    0.790947] AppArmor: AppArmor sha1 policy hashing enabled
[    0.791806] ima: No TPM chip found, activating TPM-bypass! (rc=-19)
[    0.792798] ima: Allocated hash algorithm: sha1
[    0.793536] evm: HMAC attrs: 0x1
[    0.794312]   Magic number: 15:916:549
[    0.794940] tty ttyS25: hash matches
[    0.795548] clockevents clockevent0: hash matches
[    0.796338] acpi PNP0C0F:00: hash matches
[    0.797086] rtc_cmos rtc_cmos: setting system clock to 2019-04-03 21:30:02 UTC (1554327002)
[    0.798503] BIOS EDD facility v0.16 2004-Jun-25, 0 devices found
[    0.799436] EDD information not available.
[    0.802714] Freeing unused kernel memory: 2408K
[    0.820133] Write protecting the kernel read-only data: 20480k
[    0.848421] Freeing unused kernel memory: 2008K
[    0.852349] Freeing unused kernel memory: 1892K
[    0.858430] x86/mm: Checked W+X mappings: passed, no W+X pages found.
[    0.859443] x86/mm: Checking user space page tables
[    0.865471] x86/mm: Checked W+X mappings: passed, no W+X pages found.
Loading, please wait...
starting version 237
[    0.935847] e1000: Intel(R) PRO/1000 Network Driver - version 7.3.21-k8-NAPI
[    0.968166] e1000: Copyright (c) 1999-2006 Intel Corporation.
[    0.974082] Fusion MPT base driver 3.04.20
[    0.974995] Copyright (c) 1999-2008 LSI Corporation
[    0.979122] Fusion MPT SPI Host driver 3.04.20
[    0.988950] AVX2 version of gcm_enc/dec engaged.
[    0.989723] AES CTR mode by8 optimization enabled
[    1.180805] input: ImExPS/2 Generic Explorer Mouse as /devices/platform/i8042/serio1/input/input4
[    1.331952] e1000 0000:00:03.0 eth0: (PCI:33MHz:32-bit) 02:b7:91:53:ac:49
[    1.358122] e1000 0000:00:03.0 eth0: Intel(R) PRO/1000 Network Connection
[    1.564632] tsc: Refined TSC clocksource calibration: 2400.633 MHz
[    1.565731] clocksource: tsc: mask: 0xffffffffffffffff max_cycles: 0x229a8dba171, max_idle_ns: 440795320878 ns
[    1.725522] e1000 0000:00:08.0 eth1: (PCI:33MHz:32-bit) 08:00:27:0d:6b:fd
[    1.747812] e1000 0000:00:08.0 eth1: Intel(R) PRO/1000 Network Connection
[    1.749994] e1000 0000:00:03.0 enp0s3: renamed from eth0
[    1.756105] mptbase: ioc0: Initiating bringup
[    1.780759] e1000 0000:00:08.0 enp0s8: renamed from eth1
[    1.864358] ioc0: LSI53C1030 A0: Capabilities={Initiator}
[    2.142890] scsi host2: ioc0: LSI53C1030 A0, FwRev=00000000h, Ports=1, MaxQ=256, IRQ=20
[    2.313293] scsi 2:0:0:0: Direct-Access     VBOX     HARDDISK         1.0  PQ: 0 ANSI: 5
[    2.808075] scsi target2:0:0: Beginning Domain Validation
[    2.822049] scsi target2:0:0: Domain Validation skipping write tests
[    2.837478] scsi target2:0:0: Ending Domain Validation
[    2.838484] scsi target2:0:0: asynchronous
[    2.840126] scsi 2:0:1:0: Direct-Access     VBOX     HARDDISK         1.0  PQ: 0 ANSI: 5
[    2.872175] scsi target2:0:1: Beginning Domain Validation
[    2.874554] random: fast init done
[    2.875203] scsi target2:0:1: Domain Validation skipping write tests
[    2.876339] scsi target2:0:1: Ending Domain Validation
[    2.877319] scsi target2:0:1: asynchronous
[    2.881455] random: systemd-udevd: uninitialized urandom read (16 bytes read)
[    2.882581] random: systemd-udevd: uninitialized urandom read (16 bytes read)
[    2.883680] random: systemd-udevd: uninitialized urandom read (16 bytes read)
[    2.884845] sd 2:0:0:0: Attached scsi generic sg0 type 0
[    2.885825] sd 2:0:0:0: [sda] 20971520 512-byte logical blocks: (10.7 GB/10.0 GiB)
[    2.887147] sd 2:0:0:0: [sda] Write Protect is off
[    2.888022] sd 2:0:0:0: [sda] Incomplete mode parameter data
[    2.888949] sd 2:0:0:0: [sda] Assuming drive cache: write through
[    2.890769] sd 2:0:1:0: Attached scsi generic sg1 type 0
[    2.890854] sd 2:0:1:0: [sdb] 20480 512-byte logical blocks: (10.5 MB/10.0 MiB)
[    2.890897] sd 2:0:1:0: [sdb] Write Protect is off
[    2.890981] sd 2:0:1:0: [sdb] Incomplete mode parameter data
[    2.890982] sd 2:0:1:0: [sdb] Assuming drive cache: write through
[    2.904098]  sda: sda1
[    2.905268] sd 2:0:1:0: [sdb] Attached SCSI disk
[    2.906131] sd 2:0:0:0: [sda] Attached SCSI disk
Begin: Loading essential drivers ... [    4.380323] raid6: sse2x1   gen()  9445 MB/s
[    4.516956] raid6: sse2x1   xor()  7644 MB/s
[    4.666940] raid6: sse2x2   gen() 12291 MB/s
[    4.728188] raid6: sse2x2   xor()  7798 MB/s
[    4.788563] raid6: sse2x4   gen() 13535 MB/s
[    4.846942] raid6: sse2x4   xor()  8543 MB/s
[    4.912050] raid6: avx2x1   gen() 16422 MB/s
[    4.966914] raid6: avx2x1   xor() 11419 MB/s
[    5.012899] raid6: avx2x2   gen() 23278 MB/s
[    5.256946] raid6: avx2x2   xor() 15864 MB/s
[    5.435181] raid6: avx2x4   gen() 27459 MB/s
[    5.481487] raid6: avx2x4   xor() 15582 MB/s
[    5.482207] raid6: using algorithm avx2x4 gen() 27459 MB/s
[    5.483048] raid6: .... xor() 15582 MB/s, rmw enabled
[    5.483838] raid6: using avx2x2 recovery algorithm
[    5.485967] xor: automatically using best checksumming function   avx       
[    5.488717] async_tx: api initialized (async)
done.
Begin: Running /scripts/init-premount ... done.
Begin: Mounting root file system ... Begin: Running /scripts/local-top ... done.
Begin: Running /scripts/local-premount ... [    5.538431] Btrfs loaded, crc32c=crc32c-intel
Scanning for Btrfs filesystems
done.
Warning: fsck no[    5.571238] EXT4-fs (sda1): mounted filesystem with ordered data mode. Opts: (null)
t present, so skipping root file system
done.
Begin: Running /scripts/local-bottom ... done.
Begin: Running /scripts/init-bottom ... done.
[    5.784725] ip_tables: (C) 2000-2006 Netfilter Core Team
[    5.800258] systemd[1]: systemd 237 running in system mode. (+PAM +AUDIT +SELINUX +IMA +APPARMOR +SMACK +SYSVINIT +UTMP +LIBCRYPTSETUP +GCRYPT +GNUTLS +ACL +XZ +LZ4 +SECCOMP +BLKID +ELFUTILS +KMOD -IDN2 +IDN -PCRE2 default-hierarchy=hybrid)
[    7.050191] systemd[1]: Detected virtualization oracle.
[    7.051233] systemd[1]: Detected architecture x86-64.

Welcome to [1mUbuntu 18.04.2 LTS[0m!

[    7.080705] systemd[1]: Set hostname to <ubuntu>.
[    7.112326] systemd[1]: Initializing machine ID from random generator.
[    7.114799] systemd[1]: Installed transient /etc/machine-id file.
[    7.443964] systemd[1]: Reached target System Time Synchronized.
[[0;32m  OK  [0m] Reached target System Time Synchronized.
[    7.519526] systemd[1]: Created slice System Slice.
[[0;32m  OK  [0m] Created slice System Slice.
[    7.521129] systemd[1]: Listening on Journal Socket (/dev/log).
[[0;32m  OK  [0m] Listening on Journal Socket (/dev/log).
[    7.522889] systemd[1]: Listening on udev Kernel Socket.
[[0;32m  OK  [0m] Listening on udev Kernel Socket.
[[0;32m  OK  [0m] Listening on Device-mapper event daemon FIFOs.
[[0;32m  OK  [0m] Listening on /dev/initctl Compatibility Named Pipe.
[[0;32m  OK  [0m] Listening on LVM2 poll daemon socket.
[[0;32m  OK  [0m] Listening on Journal Socket.
         Starting Uncomplicated firewall...
         Mounting Kernel Debug File System...
         Mounting POSIX Message Queue File System...
         Mounting Huge Pages File System...
         Starting Load Kernel Modules...
[[0;32m  OK  [[    7.580369] Loading iSCSI transport class v2.0-870.
0m] Reached target User and Group Name Lookups.
[[0;32m  OK  [0m] Listening on LVM2 metadata daemon socket.
         Starting Set the console keyboard layout...
[[0;32m  OK  [0m] Created slice User and Session Slice.
[[0;32m  OK  [0m] Listening on Network Service Netlink Socket.
         Starting Create list of required st…ce nodes for the current kernel...
[[0;32m  OK  [0m] Started Forward Password Requests to Wall Directory Watch.
         Starting Remount Root and Kernel File Systems...
[[0;32m  OK  [0m] Listening on Journal Audit Socket.
[[0;32m  OK  [0m] Reached target Slices.
[[0;32m  OK  [0m] Set up automount Arbitrary Executab…rmats File System Automount Point.
[    7.601530] iscsi: registered transport (tcp)
[[0;32m  OK  [0m] Listening on Syslog Socket.
         Starting Journal Service...
[[0;32m  OK  [0m] Created slice system-serial\x2dgetty.slice.
[[0;32m  OK  [0m] Reached target Swap.
[[0;32m  OK  [0m] Listening on udev Control Socket.
         Starting udev Coldplug all Devices...
         Starting Monitoring of LVM2 mirrors…ng dmeventd or progress polling...
[[0;32m  OK  [0m] Started Unco[    8.164725] iscsi: registered transport (iser)
mplicated firewall.
[[0;32m  OK  [0m] Mounted Kernel Debug File System.
[[0;32m  OK  [0m] Mounted POSIX Message Queue File System.
[[0;32m  OK  [0m] Mounted Huge Pages File System.
[[0;32m  OK  [0m] Started Load Kernel Modules.
[[0;32m  OK  [0m] Started Create list of required sta…vice nodes for the current kernel.
         Starting Create Static Device Nodes in /dev...
         Starting Apply Kernel Variables...
         Mounting FUSE Control File System...
         Mounting Kernel Configuration File System...
[[0;32m  OK  [0m] Mounted FUSE Control File System.
[[0;32m  OK  [0m] Mounted Kernel Configuration File System.
[[0;32m  OK  [0m] Started LVM2 metadata daemon.
[    8.315297] EXT4-fs (sda1): re-mounted. Opts: (null)
[[0;32m  OK  [0m] Started Remount Root and Kernel File Systems.
[[0;32m  OK  [0m] Started udev Coldplug all Devices.
         Starting Initial cloud-init job (pre-networking)...
         Starting Load/Save Random Seed...
[[0;32m  OK  [0m] Started Journal Service.
         Starting Flush Journal to Persistent Storage...
[[0;32m  OK  [0m] Started Create Static Device Nodes in /dev.
[[0;32m  OK  [0m] Started Apply Kernel Variables.
         Starting udev Kernel Device Manager...
[[0;32m  OK  [0m] Started Monitoring of LVM2 mirrors,…sing dmeventd or progress polling.
[[0;32m  OK  [0m] Started Load/Save Random Seed.
[[0;32m  OK  [0m] Started Set the console keyboard layout.
[[0;32m  OK  [0m] Started udev Kernel Device Manager.
[[0;32m  OK  [0m] Started Dispatch Password Requests to Console Directory Watch.
[[0;32m  OK  [0m] Reached target Local Encrypted Volumes.
[[0;32m  OK  [0m] Reached target Local File Systems (Pre).
[[0;32m  OK  [0m] Reached target Local File Systems.
         Starting Tell Plymouth To Write Out Runtime Data...
         Starting Commit a transient machine-id on disk...
         Starting ebtables ruleset management...
         Starting Set console font and keymap...
         Starting AppArmor initialization...
[[0;32m  OK  [0m] Started Tell Plymouth To Write Out Runtime Data.
[[0;32m  OK  [0m] Started Set console font and keymap.
[[0;32m  OK  [0m] Started Flush Journal to Persistent Storage.
[[0;32m  OK  [0m] Started Commit a transient machine-id on disk.
[[0;32m  OK  [0m] Found device /dev/ttyS0.
         Starting Create Volatile Files and Directories...
[[0;32m  OK  [0m] Started ebtables ruleset management.
[[0;32m  OK  [0m] Started Create Volatile Files and Directories.
         Starting Update UTMP about System Boot/Shutdown...
[[0;32m  OK  [0m] Started Update UTMP about System Boot/Shutdown.
[[0;32m  OK  [0m] Listening on Load/Save RF Kill Switch Status /dev/rfkill Watch.
[[0;32m  OK  [0m] Started AppArmor initialization.
[   10.939875] cloud-init[405]: Cloud-init v. 18.5-45-g3554ffe8-0ubuntu1~18.04.1 running 'init-local' at Wed, 03 Apr 2019 21:30:11 +0000. Up 9.87 seconds.
[[0;32m  OK  [0m] Started Initial cloud-init job (pre-networking).
[[0;32m  OK  [0m] Reached target Network (Pre).
         Starting Network Service...
[[0;32m  OK  [0m] Started Network Service.
         Starting Wait for Network to be Configured...
         Starting Network Name Resolution...
[[0;32m  OK  [0m] Started Network Name Resolution.
[[0;32m  OK  [0m] Reached target Host and Network Name Lookups.
[[0;32m  OK  [0m] Reached target Network.
[[0;32m  OK  [0m] Started Wait for Network to be Configured.
         Starting Initial cloud-init job (metadata service crawler)...
[   13.229141] cloud-init[633]: Cloud-init v. 18.5-45-g3554ffe8-0ubuntu1~18.04.1 running 'init' at Wed, 03 Apr 2019 21:30:14 +0000. Up 13.05 seconds.
[   13.230961] cloud-init[633]: ci-info: ++++++++++++++++++++++++++++++++++++++Net device info+++++++++++++++++++++++++++++++++++++++
[   13.232958] cloud-init[633]: ci-info: +--------+-------+----------------------------+---------------+--------+-------------------+
[   13.240750] cloud-init[633]: ci-info: | Device |   Up  |          Address           |      Mask     | Scope  |     Hw-Address    |
[   13.242399] cloud-init[633]: ci-info: +--------+-------+----------------------------+---------------+--------+-------------------+
[   13.284390] cloud-init[633]: ci-info: | enp0s3 |  True |         10.0.2.15          | 255.255.255.0 | global | 02:b7:91:53:ac:49 |
[   13.296992] cloud-init[633]: ci-info: | enp0s3 |  True | fe80::b7:91ff:fe53:ac49/64 |       .       |  link  | 02:b7:91:53:ac:49 |
[   13.298387] cloud-init[633]: ci-info: | enp0s8 | False |             .              |       .       |   .    | 08:00:27:0d:6b:fd |
[   13.299767] cloud-init[633]: ci-info: |   lo   |  True |         127.0.0.1          |   255.0.0.0   |  host  |         .         |
[   13.301127] cloud-init[633]: ci-info: |   lo   |  True |          ::1/128           |       .       |  host  |         .         |
[   13.302485] cloud-init[633]: ci-info: +--------+-------+----------------------------+---------------+--------+-------------------+
[   13.308444] cloud-init[633]: ci-info: ++++++++++++++++++++++++++++Route IPv4 info+++++++++++++++++++++++++++++
[   13.329058] cloud-init[633]: ci-info: +-------+-------------+----------+-----------------+-----------+-------+
[   13.330489] cloud-init[633]: ci-info: | Route | Destination | Gateway  |     Genmask     | Interface | Flags |
[   13.332065] cloud-init[633]: ci-info: +-------+-------------+----------+-----------------+-----------+-------+
[   13.343161] cloud-init[633]: ci-info: |   0   |   0.0.0.0   | 10.0.2.2 |     0.0.0.0     |   enp0s3  |   UG  |
[   13.377573] cloud-init[633]: ci-info: |   1   |   10.0.2.0  | 0.0.0.0  |  255.255.255.0  |   enp0s3  |   U   |
[   13.378782] cloud-init[633]: ci-info: |   2   |   10.0.2.2  | 0.0.0.0  | 255.255.255.255 |   enp0s3  |   UH  |
[   13.381326] cloud-init[633]: ci-info: +-------+-------------+----------+-----------------+-----------+-------+
[   13.405359] cloud-init[633]: ci-info: +++++++++++++++++++Route IPv6 info+++++++++++++++++++
[   13.406680] cloud-init[633]: ci-info: +-------+-------------+---------+-----------+-------+
[   13.413411] cloud-init[633]: ci-info: | Route | Destination | Gateway | Interface | Flags |
[   13.414478] cloud-init[633]: ci-info: +-------+-------------+---------+-----------+-------+
[   13.440308] cloud-init[633]: ci-info: |   1   |  fe80::/64  |    ::   |   enp0s3  |   U   |
[   13.449291] cloud-init[633]: ci-info: |   3   |    local    |    ::   |   enp0s3  |   U   |
[   13.455822] cloud-init[633]: ci-info: |   4   |   ff00::/8  |    ::   |   enp0s3  |   U   |
[   13.456867] cloud-init[633]: ci-info: +-------+-------------+---------+-----------+-------+
[   16.184964] cloud-init[633]: Generating public/private rsa key pair.
[   16.217064] cloud-init[633]: Your identification has been saved in /etc/ssh/ssh_host_rsa_key.
[   16.218358] cloud-init[633]: Your public key has been saved in /etc/ssh/ssh_host_rsa_key.pub.
[   16.219510] cloud-init[633]: The key fingerprint is:
[   16.220372] cloud-init[633]: SHA256:WXjQmJSngjNzJm5dkcGeExv2Vz4a6fwnez5fRtWAIzU root@ubuntu-bionic
[   16.221810] cloud-init[633]: The key's randomart image is:
[   16.222654] cloud-init[633]: +---[RSA 2048]----+
[   16.223378] cloud-init[633]: |       o+B .E..  |
[   16.224063] cloud-init[633]: |        @o+ o....|
[   16.224765] cloud-init[633]: |     . o.Xo. =  o|
[   16.225401] cloud-init[633]: |    * + B+. + o .|
[   16.226051] cloud-init[633]: |   . O oS. + o ..|
[[   16.269582] cloud-init[633]: |    o .     +  . |
[   16.269689] cloud-init[633]: |   .         .  o|
[   16.269837] cloud-init[633]: |              oo+|
[   16.269994] cloud-init[633]: |              .*=|
[   16.270157] cloud-init[633]: +----[SHA256]-----+
[   16.270315] cloud-init[633]: Generating public/private dsa key pair.
[   16.270483] cloud-init[633]: Your identification has been saved in /etc/ssh/ssh_host_dsa_key.
[   16.270644] cloud-init[633]: Your public key has been saved in /etc/ssh/ssh_host_dsa_key.pub.
[   16.270802] cloud-init[633]: The key fingerprint is:
[0;32m  OK  [0m] Started Initial cloud-init job (metadata service crawler).
[   16.271316] cloud-init[633]: SHA256:yalG7ymzkL/t8RHZrdPe/OwYsDEKjX9Coo0nVerIpBQ root@ubuntu-bionic
[[   16.356275] cloud-init[633]: The key's randomart image is:
[   16.356376] cloud-init[633]: +---[DSA 1024]----+
[   16.356535] cloud-init[633]: |                 |
[   16.356886] cloud-init[633]: |                 |
[   16.357019] cloud-init[633]: |    E     .      |
[   16.357186] cloud-init[633]: |     . . B o .   |
[   16.357348] cloud-init[633]: |    . o S = = .  |
[   16.357511] cloud-init[633]: |   . * X = o B   |
[   16.357668] cloud-init[633]: |    + O * = = o  |
[   16.357832] cloud-init[633]: |     +o= + + o * |
[   16.357995] cloud-init[633]: |      +*= .   o.B|
[   16.358158] cloud-init[633]: +----[SHA256]-----+
[   16.358317] cloud-init[633]: Generating public/private ecdsa key pair.
[   16.358483] cloud-init[633]: Your identification has been saved in /etc/ssh/ssh_host_ecdsa_key.
[   16.358644] cloud-init[633]: Your public key has been saved in /etc/ssh/ssh_host_ecdsa_key.pub.
[   16.358809] cloud-init[633]: The key fingerprint is:
[0;32m  OK  [0m] Reached target Cloud-config availability.
[   16.359263] cloud-init[633]: SHA256:w/XVOi3q1woA0xETntlIwqmbt7cofnyM37ZZufBY+dQ root@ubuntu-bionic
[[0;32m  OK  [0m[   16.395598] ] cloud-initReached target Network is Online.[633]: 
The key's randomart image is:
[[   16.399119] cloud-init[633]: +---[ECDSA 256]---+
[   16.399242] cloud-init[633]: |       ...*o     |
[   16.399557] cloud-init[633]: |        o= B   . |
[0;32m  OK  [0m] Reached target Remote File Systems (Pre).
[   16.399853] cloud-init[633]: |       .o B . . .|
[[0;32m  OK  [0m[   16.436673] cloud-init[633]: |      .. + . . o |
[   16.436990] cloud-init[633]: |       oS . . + .|
[   16.437264] cloud-init[633]: |      o .. . . =.|
[   16.437567] cloud-init[633]: |       o +  + =.E|
[   16.437862] cloud-init[633]: |      . =.+o.O.+.|
[   16.438167] cloud-init[633]: |     ..o.+oo*o+..|
[   16.438477] cloud-init[633]: +----[SHA256]-----+
[   16.438767] cloud-init[633]: Generating public/private ed25519 key pair.
[   16.439104] cloud-init[633]: Your identification has been saved in /etc/ssh/ssh_host_ed25519_key.
[   16.439403] cloud-init[633]: Your public key has been saved in /etc/ssh/ssh_host_ed25519_key.pub.
[   16.439702] cloud-init[633]: The key fingerprint is:
[   16.439996] cloud-init[633]: SHA256:l83qXW/SrtPYzroyw01yJ+gGf3NtsmtButvux1ZMYpk root@ubuntu-bionic
[   16.440319] cloud-init[633]: The key's randomart image is:
[   16.440605] cloud-init[633]: +--[ED25519 256]--+
[   16.440910] cloud-init[633]: |                 |
[   16.441211] cloud-init[633]: |                 |
[   16.441505] cloud-init[633]: |               o |
[   16.441808] cloud-init[633]: |           +  E .|
[   16.442113] cloud-init[633]: |        S o o= + |
[   16.442406] cloud-init[633]: |         ...+ = +|
[   16.442710] cloud-init[633]: |          .= *.Xo|
[   16.443020] cloud-init[633]: |         . .XoXo%|
[   16.443392] cloud-init[633]: |          ..oXX^=|
[   16.443644] cloud-init[633]: +----[SHA256]-----+
] Reached target Remote File Systems.
         Starting Availability of block devices...
[[0;32m  OK  [0m] Reached target System Initialization.
[[0;32m  OK  [0m] Started Message of the Day.
[[0;32m  OK  [0m] Started Daily Cleanup of Temporary Directories.
[[0;32m  OK  [0m] Started Daily apt download activities.
         Starting Socket activation for snappy daemon.
[[0;32m  OK  [0m] Started Discard unused blocks once a week.
[[0;32m  OK  [0m] Started ACPI Events Check.
[[0;32m  OK  [0m] Reached target Paths.
[[0;32m  OK  [0m] Listening on D-Bus System Message Bus Socket.
[[0;32m  OK  [0m] Listening on ACPID Listen Socket.
[[0;32m  OK  [0m] Listening on Open-iSCSI iscsid Socket.
         Starting LXD - unix socket.
[[0;32m  OK  [0m] Started Daily apt upgrade and clean activities.
[[0;32m  OK  [0m] Reached target Timers.
[[0;32m  OK  [0m] Listening on UUID daemon activation socket.
[[0;32m  OK  [0m] Started Availability of block devices.
[[0;32m  OK  [0m] Listening on Socket activation for snappy daemon.
[[0;32m  OK  [0m] Listening on LXD - unix socket.
[[0;32m  OK  [0m] Reached target Sockets.
[[0;32m  OK  [0m] Reached target Basic System.
[[0;32m  OK  [0m] Started D-Bus System Message Bus.
         Starting Login Service...
         Starting Pollinate to seed the pseudo random number generator...
[[0;32m  OK  [0m] Started Regular background program processing daemon.
[[0;32m  OK  [0m] Started irqbalance daemon.
[[0;32m  OK  [0m] Started FUSE filesystem for LXC.
         Starting Permit User Sessions...
         Starting System Logging Service...
         Starting Virtualbox guest utils...
         Starting LXD - container startup/shutdown...
         Starting Accounts Service...
[[0;32m  OK  [0m] Started Deferred execution scheduler.
         Starting Dispatcher daemon for systemd-networkd...
         Starting LSB: Record successful boot for GRUB...
         Starting LSB: automatic crash report generation...
         Starting Snappy daemon...
[[0;32m  OK  [0m] Started System Logging Service.
[[0;32m  OK  [0m] Started Permit User Sessions.
[[0;32m  OK  [0m] Started Login Service.
[[0;32m  OK  [0m] Started LXD - container startup/shutdown.
         Starting Authorization Manager...
[[0;32m  OK  [0m] Started Unattended Upgrades Shutdown.
         Starting Hold until boot process finishes up...
         Starting Terminate Plymouth Boot Screen...
[[0;32m  OK  [0m] Started Hold until boot process finishes up.
[[0;32m  OK  [0m] Started Terminate Plymouth Boot Screen.
[[0;32m  OK  [0m] Started LSB: Record successful boot for GRUB.
[[0;32m  OK  [0m] Started LSB: automatic crash report generation.
[[0;32m  OK  [0m] Started Authorization Manager.
[[0;32m  OK  [0m] Started Accounts Service.
         Starting Set console scheme...
[[0;32m  OK  [0m] Started Serial Getty on ttyS0.
[[0;32m  OK  [0m] Started Set console scheme.
[[0;32m  OK  [0m] Created slice system-getty.slice.
[[0;32m  OK  [0m] Started Getty on tty1.
[[0;32m  OK  [0m] Reached target Login Prompts.
[[0;32m  OK  [0m] Started Virtualbox guest utils.
[[0;32m  OK  [0m] Started Snappy daemon.
[[0;32m  OK  [0m] Started Dispatcher daemon for systemd-networkd.
         Starting Wait until snapd is fully seeded...
[[0;32m  OK  [0m] Started Pollinate to seed the pseudo random number generator.
         Starting OpenBSD Secure Shell server...
[[0;32m  OK  [0m] Started OpenBSD Secure Shell server.
[[0;32m  OK  [0m] Created slice User Slice of vagrant.
         Starting User Manager for UID 1000...
[[0;32m  OK  [0m] Started Session 1 of user vagrant.
[[0;32m  OK  [0m] Started User Manager for UID 1000.

Ubuntu 18.04.2 LTS ubuntu-bionic ttyS0

ubuntu-bionic login: [   23.982065] cloud-init[1411]: Cloud-init v. 18.5-45-g3554ffe8-0ubuntu1~18.04.1 running 'modules:config' at Wed, 03 Apr 2019 21:30:24 +0000. Up 23.29 seconds.
ci-info: no authorized ssh keys fingerprints found for user ubuntu.
<14>Apr  3 21:30:26 ec2: 
<14>Apr  3 21:30:26 ec2: #############################################################
<14>Apr  3 21:30:26 ec2: -----BEGIN SSH HOST KEY FINGERPRINTS-----
<14>Apr  3 21:30:26 ec2: 1024 SHA256:yalG7ymzkL/t8RHZrdPe/OwYsDEKjX9Coo0nVerIpBQ root@ubuntu-bionic (DSA)
<14>Apr  3 21:30:26 ec2: 256 SHA256:w/XVOi3q1woA0xETntlIwqmbt7cofnyM37ZZufBY+dQ root@ubuntu-bionic (ECDSA)
<14>Apr  3 21:30:26 ec2: 256 SHA256:l83qXW/SrtPYzroyw01yJ+gGf3NtsmtButvux1ZMYpk root@ubuntu-bionic (ED25519)
<14>Apr  3 21:30:26 ec2: 2048 SHA256:WXjQmJSngjNzJm5dkcGeExv2Vz4a6fwnez5fRtWAIzU root@ubuntu-bionic (RSA)
<14>Apr  3 21:30:26 ec2: -----END SSH HOST KEY FINGERPRINTS-----
<14>Apr  3 21:30:26 ec2: #############################################################
-----BEGIN SSH HOST KEY KEYS-----
ecdsa-sha2-nistp256 AAAAE2VjZHNhLXNoYTItbmlzdHAyNTYAAAAIbmlzdHAyNTYAAABBBEFL705mlBn+OhcnMPkOz9MztvWx03BBHPhZVbAfgXm3tKdi2L9XbauKWcZnxHUzalTilN7Bx3hepRf2fJ7Q5NA= root@ubuntu-bionic
ssh-ed25519 AAAAC3NzaC1lZDI1NTE5AAAAII2xjpp61V75SraR71phcRAROFJORLLduKP8/MFnxkkR root@ubuntu-bionic
ssh-rsa AAAAB3NzaC1yc2EAAAADAQABAAABAQCY0KqA4+GoUse/ZXsGMQVyqRsm7k26/eWHq3RxilWeidHpVfsEBeFkso+vQCX1aYDTWEF2Xa73FUVaux4WLHjsUrlNJ1TC71QaVEoCXrIQdedFWM0QC90ifsHrsTym8QMmAOWSXTvHGJ+hGaiyW7nZdUcK69EeIVv4an0HlWq36+nrZXdx9iwwesX+siuKbCgKFBUR7PA5RnXOKJofPO1lhndms/HR56wBPFDCj1Fdl8cc2DkPr1/X9tk1WLnGQldNnXepyqdtiYuWXjsN3WOyBrZ7x5jOT6+T79J1GOYffktqoN9rwjVEFUhBJTBPLKyPOHsVuu3NXYEe4qcQV95b root@ubuntu-bionic
-----END SSH HOST KEY KEYS-----
[   24.670109] cloud-init[1495]: Cloud-init v. 18.5-45-g3554ffe8-0ubuntu1~18.04.1 running 'modules:final' at Wed, 03 Apr 2019 21:30:26 +0000. Up 24.41 seconds.
[   24.670248] cloud-init[1495]: ci-info: no authorized ssh keys fingerprints found for user ubuntu.
[   24.670303] cloud-init[1495]: Cloud-init v. 18.5-45-g3554ffe8-0ubuntu1~18.04.1 finished at Wed, 03 Apr 2019 21:30:26 +0000. Datasource DataSourceNoCloud [seed=/dev/sdb][dsmode=net].  Up 24.66 seconds
